#### SEQUENTIAL ####
sequential.sumup elapsed time : 3.0058934579137713
#### ThreadPool ####
threadpool.sumup(max_wks = 1) elapsed time : 2.926929999841377
threadpool.sumup(max_wks = 2) elapsed time : 3.013129665981978
threadpool.sumup(max_wks = 3) elapsed time : 2.964879082981497
threadpool.sumup(max_wks = 4) elapsed time : 2.9468129160813987
threadpool.sumup(max_wks = 5) elapsed time : 2.9227283329237252
threadpool.sumup(max_wks = 6) elapsed time : 3.0002062499988824
threadpool.sumup(max_wks = 7) elapsed time : 3.1756531670689583
threadpool.sumup(max_wks = 8) elapsed time : 2.9464929171372205
threadpool.sumup(max_wks = 9) elapsed time : 2.9485544578637928
threadpool.sumup(max_wks = 10) elapsed time : 2.922930415952578
threadpool.sumup(max_wks = 11) elapsed time : 2.9258267499972135
threadpool.sumup(max_wks = 12) elapsed time : 2.938418374862522
#### ProcessPool ####
processpool.sumup(max_wks = 1) elapsed time : 3.200771874981001
processpool.sumup(max_wks = 2) elapsed time : 1.7027641250751913
processpool.sumup(max_wks = 3) elapsed time : 1.3844658329617232
processpool.sumup(max_wks = 4) elapsed time : 1.0579626250546426
processpool.sumup(max_wks = 5) elapsed time : 0.8744404169265181
processpool.sumup(max_wks = 6) elapsed time : 0.8780066668987274
processpool.sumup(max_wks = 7) elapsed time : 0.9647970418445766
processpool.sumup(max_wks = 8) elapsed time : 0.9200717920903116
processpool.sumup(max_wks = 9) elapsed time : 0.8861083330120891
processpool.sumup(max_wks = 10) elapsed time : 0.777746417094022
processpool.sumup(max_wks = 11) elapsed time : 0.7589286658912897
processpool.sumup(max_wks = 12) elapsed time : 0.778402459109202
#### SEQUENTIAL-Numpy ####
sequential.sumup_numpy elapsed time : 0.46166116604581475
#### ThreadPool-Numpy ####
threadpool.sumup_numpy(max_wks = 1) elapsed time : 0.26082070893608034
threadpool.sumup_numpy(max_wks = 2) elapsed time : 0.45588616700842977
threadpool.sumup_numpy(max_wks = 3) elapsed time : 0.4930101251229644
threadpool.sumup_numpy(max_wks = 4) elapsed time : 0.5184615000616759
threadpool.sumup_numpy(max_wks = 5) elapsed time : 0.60849962499924
threadpool.sumup_numpy(max_wks = 6) elapsed time : 1.2614797081332654
threadpool.sumup_numpy(max_wks = 7) elapsed time : 2.6321605411358178
threadpool.sumup_numpy(max_wks = 8) elapsed time : 2.2611484159715474
threadpool.sumup_numpy(max_wks = 9) elapsed time : 3.0272090840153396
threadpool.sumup_numpy(max_wks = 10) elapsed time : 3.1985755409114063
threadpool.sumup_numpy(max_wks = 11) elapsed time : 4.255220166873187
threadpool.sumup_numpy(max_wks = 12) elapsed time : 4.496156666893512
#### ProcessPool-Numpy ####
processpool.sumup_numpy(max_wks = 1) elapsed time : 0.9366090418770909
processpool.sumup_numpy(max_wks = 2) elapsed time : 1.0694104579742998
processpool.sumup_numpy(max_wks = 3) elapsed time : 1.214066166896373
processpool.sumup_numpy(max_wks = 4) elapsed time : 2.748764374991879
processpool.sumup_numpy(max_wks = 5) elapsed time : 3.439731959020719
processpool.sumup_numpy(max_wks = 6) elapsed time : 3.1420136250089854
processpool.sumup_numpy(max_wks = 7) elapsed time : 2.575810540933162
processpool.sumup_numpy(max_wks = 8) elapsed time : 2.506791084073484
processpool.sumup_numpy(max_wks = 9) elapsed time : 2.851627500029281
processpool.sumup_numpy(max_wks = 10) elapsed time : 3.0261355419643223
processpool.sumup_numpy(max_wks = 11) elapsed time : 3.0475757077801973
processpool.sumup_numpy(max_wks = 12) elapsed time : 2.4734101248905063
