#### SEQUENTIAL ####
sequential.sumup elapsed time : 3.2202893784979096
#### ThreadPool ####
threadpool.sumup(max_wks = 1) elapsed time : 3.1803556404993287
threadpool.sumup(max_wks = 2) elapsed time : 3.224330659249972
threadpool.sumup(max_wks = 3) elapsed time : 3.2453121427497535
threadpool.sumup(max_wks = 4) elapsed time : 3.3613551994967565
threadpool.sumup(max_wks = 5) elapsed time : 3.430333488249744
threadpool.sumup(max_wks = 6) elapsed time : 3.510064595751828
threadpool.sumup(max_wks = 7) elapsed time : 4.710081231998629
threadpool.sumup(max_wks = 8) elapsed time : 5.719438681249812
threadpool.sumup(max_wks = 9) elapsed time : 6.047526550999464
threadpool.sumup(max_wks = 10) elapsed time : 5.491448453749399
threadpool.sumup(max_wks = 11) elapsed time : 4.317840046751371
threadpool.sumup(max_wks = 12) elapsed time : 6.333369290248811
#### ProcessPool ####
processpool.sumup(max_wks = 1) elapsed time : 3.2798889887508267
processpool.sumup(max_wks = 2) elapsed time : 1.6500696242510458
processpool.sumup(max_wks = 3) elapsed time : 1.328208253999037
processpool.sumup(max_wks = 4) elapsed time : 1.0072721232518234
processpool.sumup(max_wks = 5) elapsed time : 0.6847107984976901
processpool.sumup(max_wks = 6) elapsed time : 0.6838568900002429
processpool.sumup(max_wks = 7) elapsed time : 0.6839293587509019
processpool.sumup(max_wks = 8) elapsed time : 0.6775048897488887
processpool.sumup(max_wks = 9) elapsed time : 0.7013518657495297
processpool.sumup(max_wks = 10) elapsed time : 0.6055612357522477
processpool.sumup(max_wks = 11) elapsed time : 0.5999595425018924
processpool.sumup(max_wks = 12) elapsed time : 0.6120273304986767
#### SEQUENTIAL-Numpy ####
sequential.sumup_numpy elapsed time : 1.0448627120003948
#### ThreadPool-Numpy ####
threadpool.sumup_numpy(max_wks = 1) elapsed time : 1.0437351157488592
threadpool.sumup_numpy(max_wks = 2) elapsed time : 0.732611953999367
threadpool.sumup_numpy(max_wks = 3) elapsed time : 0.7835264270015614
threadpool.sumup_numpy(max_wks = 4) elapsed time : 0.8115455890001613
threadpool.sumup_numpy(max_wks = 5) elapsed time : 0.9252731370015681
threadpool.sumup_numpy(max_wks = 6) elapsed time : 0.9403599974975805
threadpool.sumup_numpy(max_wks = 7) elapsed time : 0.9553166914993199
threadpool.sumup_numpy(max_wks = 8) elapsed time : 0.9673325587482395
threadpool.sumup_numpy(max_wks = 9) elapsed time : 1.0028614924976864
threadpool.sumup_numpy(max_wks = 10) elapsed time : 1.0148799972484994
threadpool.sumup_numpy(max_wks = 11) elapsed time : 1.01909223624898
threadpool.sumup_numpy(max_wks = 12) elapsed time : 1.0327869572502095
#### ProcessPool-Numpy ####
processpool.sumup_numpy(max_wks = 1) elapsed time : 1.0628080374990532
processpool.sumup_numpy(max_wks = 2) elapsed time : 0.7221849282486801
processpool.sumup_numpy(max_wks = 3) elapsed time : 0.792287593249057
processpool.sumup_numpy(max_wks = 4) elapsed time : 0.8172991467490647
processpool.sumup_numpy(max_wks = 5) elapsed time : 0.9401426842505316
processpool.sumup_numpy(max_wks = 6) elapsed time : 0.9555256910007301
processpool.sumup_numpy(max_wks = 7) elapsed time : 0.9637637300020288
processpool.sumup_numpy(max_wks = 8) elapsed time : 0.9816532517506857
processpool.sumup_numpy(max_wks = 9) elapsed time : 1.0280171442500432
processpool.sumup_numpy(max_wks = 10) elapsed time : 1.0594989955025085
processpool.sumup_numpy(max_wks = 11) elapsed time : 1.0688195372513292
processpool.sumup_numpy(max_wks = 12) elapsed time : 1.0547659197491157
